<?xml version="1.0" encoding="UTF-8"?>
<!-- Generated by org.testng.reporters.JUnitReportReporter -->
<testsuite hostname="Godsways-MacBook-Pro.local" failures="0" tests="1" name="tests.BaseClass" time="7.591" errors="0" timestamp="2023-09-07T13:47:12 GMT" skipped="0">
  <testcase classname="tests.BaseClass" name="login" time="7.591"/>
  <system-out/>
</testsuite> <!-- tests.BaseClass -->
