<?xml version="1.0" encoding="UTF-8"?>
<!-- Generated by org.testng.reporters.JUnitReportReporter -->
<testsuite hostname="Godsways-MacBook-Pro.local" failures="0" tests="2" name="tests.MortgageRequest" time="22.407" errors="0" timestamp="2023-09-07T13:47:12 GMT" skipped="0">
  <testcase classname="tests.MortgageRequest" name="login" time="7.347"/>
  <system-out/>
  <testcase classname="tests.MortgageRequest" name="mortage" time="15.060"/>
  <system-out/>
</testsuite> <!-- tests.MortgageRequest -->
